Arthur, Sarah Jane
Bruzual, Gustavo
  -1981PhDT.........7B (False, False, False) ('0000-0002-6971-5755', 100) ('Bruzual-Alfonzo, G. R.', 61)
Ballesteros-Paredes, Javier
Cervántes-Sodi, Bernardo
Carrasco-Gonzalez, Carlos
Escalante, Vladimir
Chávez, Ricardo
  -1998LPI....29.1821H (False, False, False) None ('Chavez, R. E.', 62)  -1996GeoJI.127...11C (False, False, False) None ('Chavez, R. E.', 62)  -1995Metic..30Q.519H (False, False, False) None ('Chavez, R. E.', 62)  -1995Natur.376..415H (False, False, False) None ('Chavez, R. E.', 62)  -1995LPI....26..603H (False, False, False) None ('Chavez, R. E.', 62)  -2021yCat..18990162W (False, False, False) None ('Chavez, R. G.', 62)Galván-Madrid, Roberto
Fritz, Jacopo
  -1963JGR....68.2319M (False, False, False) None ('Fritz, J. N.', 67)  -2012LPICo1649...22F (False, False, False) None ('Fritz, J. P.', 75)  -2014LPICo1800.5337F (False, False, False) None ('Fritz, J. P.', 75)  -2014LPICo1800.5350F (False, False, False) None ('Fritz, J. P.', 75)  -2014LPICo1800.5011F (False, False, False) None ('Fritz, J. P.', 75)  -2014LPI....45.1274F (False, False, False) None ('Fritz, J. P.', 75)  -2019GeCoA.255..289A (False, False, False) None ('Fritz, J. P.', 75)  -2010epsc.conf..237F (False, False, False) None ('Fritz, J. P.', 75)  -2010LPICo1559...11F (False, False, False) None ('Fritz, J. P.', 75)  -2003ESASP.529E..41G (False, False, False) None ('Fritz, J. F.', 67)  -1964JGR....69.2947M (False, False, False) None ('Fritz, J. N.', 67)  -2011LPI....42.1189F (False, False, False) None ('Fritz, J. P.', 75)  -1967JGR....72.4999M (False, False, False) None ('Fritz, J. N.', 67)  -2013LPI....44.1956F (False, False, False) ('0000-0002-7179-4173', 68) ('Fritz, J. P.', 75)  -1982STIN...8220090F (False, False, False) None ('Fritz, J. S.', 67)Gazol, Adriana
Gill, Ramandeep
  -1976E&PSL..29..276G (False, False, False) None ('Gill, R. C. O.', 54)  -1993E&PSL.115..227H (False, False, False) None ('Gill, R. C. O.', 54)  -2001PhRvC..63c4314T (False, False, False) None ('Gill, R. L.', 86)  -1970GeCoA..34..518F (False, False, False) None ('Gill, R. C. O.', 54)  -1996ESASP.391..107G (False, False, False) None ('Gill, R. S.', 86)  -1996ESASP.383..199G (False, False, False) None ('Gill, R. S.', 86)  -1981ppnf.book.....G (False, False, False) None ('Gill, R. D.', 86)  -2012JAVSO..40.1038G (False, False, False) None ('Gill, R. M.', 86)  -2012JAVSO..40.1037G (False, False, False) None ('Gill, R. M.', 86)  -1988JATP...50.1057Q (False, False, False) None ('Gill, R. S.', 86)  -1986PhRvL..56.1874G (False, False, False) None ('Gill, R. L.', 86)  -1986PhRvL..56.1547M (False, False, False) None ('Gill, R. L.', 86)  -1984ESASP.220..133J (False, False, False) None ('Gill, R. S.', 86)  -1984srps.conf..335G (False, False, False) None ('Gill, R. S.', 86)  -2003cgrs.conf..343B (False, False, False) None ('Gill, R. L.', 86)  -2003ESASP.529E..55G (False, False, False) None ('Gill, R. S.', 86)  -2003ESASP.529E..56G (False, False, False) None ('Gill, R. S.', 86)  -2003PhRvC..67c4310B (False, False, False) None ('Gill, R. L.', 86)  -1987PhRvC..36..758W (False, False, False) None ('Gill, R. L.', 86)Gómez, Gilberto Carlos
  -1979ASIC...47..285G (False, False, False) None ('Gómez, G.', 90)González, Ricardo Francisco
González-LopezLira, Rosa Amelia
González-Martín, Omaira
Henney, William John
Jiménez-Andrade, Eric Faustino
Kurtz, Stanley
Lizano, Susana
Loinard, Laurent
Palau, Aina
Pasetto, Alice
Rodríguez, Luis Felipe
Srinivasan, Sundar
Toalá, Jesús Alberto
Vázquez-Semadeni, Enrique
Zapata, Luis Alberto
